0 info it worked if it ends with ok
1 verbose cli [ '/usr/local/bin/node',
1 verbose cli   '/usr/local/bin/npm',
1 verbose cli   'install',
1 verbose cli   '--save',
1 verbose cli   'js-bson' ]
2 info using npm@2.14.7
3 info using node@v4.2.3
4 verbose install initial load of /Users/brianjackson/Documents/Workspace/hackathon-app/package.json
5 warn package.json hackathon-app@1.0.0 No description
6 warn package.json hackathon-app@1.0.0 No README data
7 verbose installManyTop reading scoped package data from /Users/brianjackson/Documents/Workspace/hackathon-app/node_modules/fs/package.json
8 verbose installManyTop reading scoped package data from /Users/brianjackson/Documents/Workspace/hackathon-app/node_modules/harmony/package.json
9 verbose installManyTop reading scoped package data from /Users/brianjackson/Documents/Workspace/hackathon-app/node_modules/mime/package.json
10 verbose installManyTop reading scoped package data from /Users/brianjackson/Documents/Workspace/hackathon-app/node_modules/monk/package.json
11 verbose installManyTop reading scoped package data from /Users/brianjackson/Documents/Workspace/hackathon-app/node_modules/mustache/package.json
12 verbose installManyTop reading scoped package data from /Users/brianjackson/Documents/Workspace/hackathon-app/node_modules/nodemailer/package.json
13 verbose installManyTop reading scoped package data from /Users/brianjackson/Documents/Workspace/hackathon-app/node_modules/qs/package.json
14 verbose installManyTop reading scoped package data from /Users/brianjackson/Documents/Workspace/hackathon-app/node_modules/routes/package.json
15 verbose installManyTop reading scoped package data from /Users/brianjackson/Documents/Workspace/hackathon-app/node_modules/url/package.json
16 info package.json fs@0.0.2 fs is also the name of a node core module.
17 info package.json fs@0.0.2 No description
18 info package.json fs@0.0.2 No repository field.
19 info package.json fs@0.0.2 No README data
20 info package.json harmony@0.0.1 No repository field.
21 info package.json harmony@0.0.1 No license field.
22 info package.json mime@1.3.4 No license field.
23 info package.json monk@1.0.1 No license field.
24 info package.json url@0.10.3 url is also the name of a node core module.
25 info package.json routes@2.0.0 No license field.
26 verbose readDependencies loading dependencies from /Users/brianjackson/Documents/Workspace/hackathon-app/package.json
27 silly cache add args [ 'js-bson', null ]
28 verbose cache add spec js-bson
29 silly cache add parsed spec Result {
29 silly cache add   raw: 'js-bson',
29 silly cache add   scope: null,
29 silly cache add   name: 'js-bson',
29 silly cache add   rawSpec: '',
29 silly cache add   spec: '*',
29 silly cache add   type: 'range' }
30 silly addNamed js-bson@*
31 verbose addNamed "*" is a valid semver range for js-bson
32 silly addNameRange { name: 'js-bson', range: '*', hasData: false }
33 silly mapToRegistry name js-bson
34 silly mapToRegistry using default registry
35 silly mapToRegistry registry https://registry.npmjs.org/
36 silly mapToRegistry uri https://registry.npmjs.org/js-bson
37 verbose addNameRange registry:https://registry.npmjs.org/js-bson not in flight; fetching
38 verbose request uri https://registry.npmjs.org/js-bson
39 verbose request no auth needed
40 info attempt registry request try #1 at 8:47:30 AM
41 verbose request id 78a3af0aa45e735d
42 http request GET https://registry.npmjs.org/js-bson
43 http 404 https://registry.npmjs.org/js-bson
44 verbose headers { 'content-type': 'application/json',
44 verbose headers   'cache-control': 'max-age=0',
44 verbose headers   'content-length': '2',
44 verbose headers   'accept-ranges': 'bytes',
44 verbose headers   date: 'Mon, 04 Jan 2016 15:47:31 GMT',
44 verbose headers   via: '1.1 varnish',
44 verbose headers   age: '0',
44 verbose headers   connection: 'keep-alive',
44 verbose headers   'x-served-by': 'cache-ord1727-ORD',
44 verbose headers   'x-cache': 'MISS',
44 verbose headers   'x-cache-hits': '0',
44 verbose headers   'x-timer': 'S1451922451.082752,VS0,VE64' }
45 silly get cb [ 404,
45 silly get   { 'content-type': 'application/json',
45 silly get     'cache-control': 'max-age=0',
45 silly get     'content-length': '2',
45 silly get     'accept-ranges': 'bytes',
45 silly get     date: 'Mon, 04 Jan 2016 15:47:31 GMT',
45 silly get     via: '1.1 varnish',
45 silly get     age: '0',
45 silly get     connection: 'keep-alive',
45 silly get     'x-served-by': 'cache-ord1727-ORD',
45 silly get     'x-cache': 'MISS',
45 silly get     'x-cache-hits': '0',
45 silly get     'x-timer': 'S1451922451.082752,VS0,VE64' } ]
46 verbose stack Error: Registry returned 404 for GET on https://registry.npmjs.org/js-bson
46 verbose stack     at makeError (/usr/local/lib/node_modules/npm/node_modules/npm-registry-client/lib/request.js:264:12)
46 verbose stack     at CachingRegistryClient.<anonymous> (/usr/local/lib/node_modules/npm/node_modules/npm-registry-client/lib/request.js:242:14)
46 verbose stack     at Request._callback (/usr/local/lib/node_modules/npm/node_modules/npm-registry-client/lib/request.js:172:14)
46 verbose stack     at Request.self.callback (/usr/local/lib/node_modules/npm/node_modules/request/request.js:198:22)
46 verbose stack     at emitTwo (events.js:87:13)
46 verbose stack     at Request.emit (events.js:172:7)
46 verbose stack     at Request.<anonymous> (/usr/local/lib/node_modules/npm/node_modules/request/request.js:1063:14)
46 verbose stack     at emitOne (events.js:82:20)
46 verbose stack     at Request.emit (events.js:169:7)
46 verbose stack     at IncomingMessage.<anonymous> (/usr/local/lib/node_modules/npm/node_modules/request/request.js:1009:12)
47 verbose statusCode 404
48 verbose pkgid js-bson
49 verbose cwd /Users/brianjackson/Documents/Workspace/hackathon-app
50 error Darwin 15.2.0
51 error argv "/usr/local/bin/node" "/usr/local/bin/npm" "install" "--save" "js-bson"
52 error node v4.2.3
53 error npm  v2.14.7
54 error code E404
55 error 404 Registry returned 404 for GET on https://registry.npmjs.org/js-bson
55 error 404
55 error 404 'js-bson' is not in the npm registry.
55 error 404 You should bug the author to publish it (or use the name yourself!)
55 error 404 It was specified as a dependency of 'hackathon-app'
55 error 404
55 error 404 Note that you can also install from a
55 error 404 tarball, folder, http url, or git url.
56 verbose exit [ 1, true ]
